Watching for file changes with StatReloader
Waiting for apps ready_event.
Apps ready_event triggered. Sending autoreload_started signal.
Watching dir D:\Hari\EEE\Django_Files\DjangoPost\DjangoPost\blog\templates with glob **/*.
Watching dir D:\Hari\EEE\Django_Files\DjangoPost\DjangoPost\blog\locale with glob **/*.mo.
Watching dir D:\Hari\EEE\Django_Files\DjangoPost\DjangoPost\blog\posts\locale with glob **/*.mo.
File C:\Users\admin\AppData\Local\Programs\Python\Python312\Lib\site-packages\django\contrib\messages\constants.py first seen with mtime 1715703435.1083608
File C:\Users\admin\AppData\Local\Programs\Python\Python312\Lib\encodings\utf_8.py first seen with mtime 1707237618.0
File C:\Users\admin\AppData\Local\Programs\Python\Python312\Lib\email\headerregistry.py first seen with mtime 1707237618.0
File C:\Users\admin\AppData\Local\Programs\Python\Python312\Lib\site-packages\django\db\models\sql\query.py first seen with mtime 1715703436.6742156
File C:\Users\admin\AppData\Local\Programs\Python\Python312\Lib\site-packages\django\middleware\__init__.py first seen with mtime 1715703436.7999437
File C:\Users\admin\AppData\Local\Programs\Python\Python312\Lib\site-packages\django\template\loaders\cached.py first seen with mtime 1715703436.8412347
File C:\Users\admin\AppData\Local\Programs\Python\Python312\Lib\site-packages\django\db\models\enums.py first seen with mtime 1715703436.6274948
File C:\Users\admin\AppData\Local\Programs\Python\Python312\Lib\zoneinfo\_tzpath.py first seen with mtime 1707237618.0
File C:\Users\admin\AppData\Local\Programs\Python\Python312\Lib\site-packages\django\views\__init__.py first seen with mtime 1715703436.9357522
File C:\Users\admin\AppData\Local\Programs\Python\Python312\Lib\site-packages\django\contrib\sessions\__init__.py first seen with mtime 1715703435.7605386
File C:\Users\admin\AppData\Local\Programs\Python\Python312\Lib\site-packages\django\contrib\admin\utils.py first seen with mtime 1715703431.9453113
File C:\Users\admin\AppData\Local\Programs\Python\Python312\Lib\wsgiref\simple_server.py first seen with mtime 1707237618.0
File C:\Users\admin\AppData\Local\Programs\Python\Python312\Lib\site-packages\django\db\models\functions\comparison.py first seen with mtime 1715703436.6571324
File C:\Users\admin\AppData\Local\Programs\Python\Python312\Lib\email\quoprimime.py first seen with mtime 1707237618.0
File C:\Users\admin\AppData\Local\Programs\Python\Python312\Lib\site-packages\django\__init__.py first seen with mtime 1715703431.2907324
File C:\Users\admin\AppData\Local\Programs\Python\Python312\Lib\site-packages\django\contrib\staticfiles\views.py first seen with mtime 1715703436.3852606
File C:\Users\admin\AppData\Local\Programs\Python\Python312\Lib\subprocess.py first seen with mtime 1707237618.0
File C:\Users\admin\AppData\Local\Programs\Python\Python312\Lib\site-packages\django\db\models\lookups.py first seen with mtime 1715703436.631742
File C:\Users\admin\AppData\Local\Programs\Python\Python312\Lib\logging\config.py first seen with mtime 1707237618.0
File C:\Users\admin\AppData\Local\Programs\Python\Python312\DLLs\_overlapped.pyd first seen with mtime 1707237652.0
File D:\Hari\EEE\Django_Files\DjangoPost\DjangoPost\blog\posts\models.py first seen with mtime 1707629962.828558
File C:\Users\admin\AppData\Local\Programs\Python\Python312\Lib\site-packages\django\utils\_os.py first seen with mtime 1715703436.8826494
File C:\Users\admin\AppData\Local\Programs\Python\Python312\DLLs\_uuid.pyd first seen with mtime 1707237650.0
File C:\Users\admin\AppData\Local\Programs\Python\Python312\Lib\copy.py first seen with mtime 1707237618.0
File C:\Users\admin\AppData\Local\Programs\Python\Python312\Lib\site-packages\django\utils\module_loading.py first seen with mtime 1715703436.9166188
File C:\Users\admin\AppData\Local\Programs\Python\Python312\Lib\sqlite3\dbapi2.py first seen with mtime 1707237618.0
File C:\Users\admin\AppData\Local\Programs\Python\Python312\Lib\site-packages\django\contrib\admin\exceptions.py first seen with mtime 1715703431.9287643
File D:\Hari\EEE\Django_Files\DjangoPost\DjangoPost\blog\posts\admin.py first seen with mtime 1684508793.97104
File C:\Users\admin\AppData\Local\Programs\Python\Python312\Lib\site-packages\django\core\serializers\json.py first seen with mtime 1715703436.5148194
File C:\Users\admin\AppData\Local\Programs\Python\Python312\Lib\site-packages\django\views\decorators\common.py first seen with mtime 1715703436.9473848
File C:\Users\admin\AppData\Local\Programs\Python\Python312\Lib\hashlib.py first seen with mtime 1707237618.0
File C:\Users\admin\AppData\Local\Programs\Python\Python312\Lib\site-packages\django\core\management\commands\runserver.py first seen with mtime 1715703436.497849
File C:\Users\admin\AppData\Local\Programs\Python\Python312\Lib\site-packages\django\template\exceptions.py first seen with mtime 1715703436.8210914
File C:\Users\admin\AppData\Local\Programs\Python\Python312\Lib\site-packages\django\db\backends\base\creation.py first seen with mtime 1715703436.5338764
File C:\Users\admin\AppData\Local\Programs\Python\Python312\Lib\site-packages\django\db\backends\sqlite3\base.py first seen with mtime 1715703436.5873358
File C:\Users\admin\AppData\Local\Programs\Python\Python312\Lib\multiprocessing\context.py first seen with mtime 1707237618.0
File C:\Users\admin\AppData\Local\Programs\Python\Python312\Lib\asyncio\sslproto.py first seen with mtime 1707237618.0
File C:\Users\admin\AppData\Local\Programs\Python\Python312\Lib\site-packages\django\template\loaders\filesystem.py first seen with mtime 1715703436.8422847
File C:\Users\admin\AppData\Local\Programs\Python\Python312\Lib\site-packages\django\urls\resolvers.py first seen with mtime 1715703436.8794887
File C:\Users\admin\AppData\Local\Programs\Python\Python312\Lib\site-packages\sqlparse\filters\others.py first seen with mtime 1715703430.6124544
File C:\Users\admin\AppData\Local\Programs\Python\Python312\Lib\site-packages\django\db\models\fields\related_lookups.py first seen with mtime 1715703436.6528654
File C:\Users\admin\AppData\Local\Programs\Python\Python312\Lib\asyncio\format_helpers.py first seen with mtime 1707237618.0
File C:\Users\admin\AppData\Local\Programs\Python\Python312\Lib\site-packages\django\contrib\staticfiles\checks.py first seen with mtime 1715703436.3767416
File C:\Users\admin\AppData\Local\Programs\Python\Python312\Lib\site-packages\django\db\backends\base\__init__.py first seen with mtime 1715703436.5307102
File C:\Users\admin\AppData\Local\Programs\Python\Python312\Lib\site-packages\django\contrib\auth\admin.py first seen with mtime 1715703433.2856393
File C:\Users\admin\AppData\Local\Programs\Python\Python312\Lib\site-packages\django\template\loader_tags.py first seen with mtime 1715703436.8253655
File C:\Users\admin\AppData\Local\Programs\Python\Python312\Lib\site-packages\django\template\loaders\app_directories.py first seen with mtime 1715703436.8380475
File C:\Users\admin\AppData\Local\Programs\Python\Python312\Lib\site-packages\django\contrib\sites\__init__.py first seen with mtime 1715703436.0764859
File C:\Users\admin\AppData\Local\Programs\Python\Python312\Lib\site-packages\django\contrib\admin\models.py first seen with mtime 1715703431.937802
File C:\Users\admin\AppData\Local\Programs\Python\Python312\Lib\site-packages\django\utils\log.py first seen with mtime 1715703436.9144995
File C:\Users\admin\AppData\Local\Programs\Python\Python312\Lib\site-packages\sqlparse\engine\statement_splitter.py first seen with mtime 1715703430.6082175
File C:\Users\admin\AppData\Local\Programs\Python\Python312\Lib\site-packages\django\contrib\admin\filters.py first seen with mtime 1715703431.9309096
File C:\Users\admin\AppData\Local\Programs\Python\Python312\Lib\email\feedparser.py first seen with mtime 1707237618.0
File C:\Users\admin\AppData\Local\Programs\Python\Python312\Lib\site-packages\django\core\exceptions.py first seen with mtime 1715703436.3969622
File C:\Users\admin\AppData\Local\Programs\Python\Python312\Lib\sysconfig.py first seen with mtime 1707237618.0
File C:\Users\admin\AppData\Local\Programs\Python\Python312\Lib\lzma.py first seen with mtime 1707237618.0
File C:\Users\admin\AppData\Local\Programs\Python\Python312\Lib\site-packages\django\core\files\temp.py first seen with mtime 1715703436.4425895
File C:\Users\admin\AppData\Local\Programs\Python\Python312\Lib\site-packages\django\db\models\base.py first seen with mtime 1715703436.6232631
File C:\Users\admin\AppData\Local\Programs\Python\Python312\Lib\site-packages\django\forms\boundfield.py first seen with mtime 1715703436.6827385
File C:\Users\admin\AppData\Local\Programs\Python\Python312\Lib\site-packages\sqlparse\filters\reindent.py first seen with mtime 1715703430.6146195
File C:\Users\admin\AppData\Local\Programs\Python\Python312\Lib\site-packages\django\views\generic\list.py first seen with mtime 1715703436.9600606
File C:\Users\admin\AppData\Local\Programs\Python\Python312\Lib\site-packages\django\contrib\admin\helpers.py first seen with mtime 1715703431.9351876
File C:\Users\admin\AppData\Local\Programs\Python\Python312\DLLs\_sqlite3.pyd first seen with mtime 1707237652.0
File C:\Users\admin\AppData\Local\Programs\Python\Python312\Lib\site-packages\django\core\signing.py first seen with mtime 1715703436.4012125
File C:\Users\admin\AppData\Local\Programs\Python\Python312\Lib\site-packages\django\views\i18n.py first seen with mtime 1715703436.941085
File C:\Users\admin\AppData\Local\Programs\Python\Python312\Lib\site-packages\django\template\library.py first seen with mtime 1715703436.8221638
File C:\Users\admin\AppData\Local\Programs\Python\Python312\Lib\site-packages\django\contrib\admin\views\main.py first seen with mtime 1715703432.9645305
File C:\Users\admin\AppData\Local\Programs\Python\Python312\Lib\site-packages\django\views\generic\__init__.py first seen with mtime 1715703436.9537916
File C:\Users\admin\AppData\Local\Programs\Python\Python312\Lib\site-packages\sqlparse\filters\__init__.py first seen with mtime 1715703430.6103284
File C:\Users\admin\AppData\Local\Programs\Python\Python312\DLLs\_queue.pyd first seen with mtime 1707237650.0
File C:\Users\admin\AppData\Local\Programs\Python\Python312\Lib\site-packages\django\contrib\staticfiles\finders.py first seen with mtime 1715703436.377804
File C:\Users\admin\AppData\Local\Programs\Python\Python312\Lib\site-packages\django\contrib\admin\views\autocomplete.py first seen with mtime 1715703432.9624555
File C:\Users\admin\AppData\Local\Programs\Python\Python312\Lib\asyncio\taskgroups.py first seen with mtime 1707237618.0
File C:\Users\admin\AppData\Local\Programs\Python\Python312\Lib\site-packages\django\contrib\admin\sites.py first seen with mtime 1715703431.942058
File C:\Users\admin\AppData\Local\Programs\Python\Python312\Lib\json\encoder.py first seen with mtime 1707237618.0
File C:\Users\admin\AppData\Local\Programs\Python\Python312\Lib\site-packages\django\contrib\admin\apps.py first seen with mtime 1715703431.9244668
File C:\Users\admin\AppData\Local\Programs\Python\Python312\Lib\site-packages\django\core\checks\security\base.py first seen with mtime 1715703436.4319792
File C:\Users\admin\AppData\Local\Programs\Python\Python312\Lib\site-packages\django\templatetags\tz.py first seen with mtime 1715703436.850799
File C:\Users\admin\AppData\Local\Programs\Python\Python312\Lib\site-packages\django\core\cache\backends\locmem.py first seen with mtime 1715703436.4118462
File C:\Users\admin\AppData\Local\Programs\Python\Python312\Lib\site-packages\django\db\backends\sqlite3\schema.py first seen with mtime 1715703436.5946949
File C:\Users\admin\AppData\Local\Programs\Python\Python312\Lib\site-packages\django\views\static.py first seen with mtime 1715703436.942158
File C:\Users\admin\AppData\Local\Programs\Python\Python312\Lib\asyncio\runners.py first seen with mtime 1707237618.0
File C:\Users\admin\AppData\Local\Programs\Python\Python312\Lib\wsgiref\__init__.py first seen with mtime 1707237618.0
File C:\Users\admin\AppData\Local\Programs\Python\Python312\Lib\concurrent\futures\_base.py first seen with mtime 1707237618.0
File C:\Users\admin\AppData\Local\Programs\Python\Python312\Lib\site-packages\django\core\management\color.py first seen with mtime 1715703436.4755874
File C:\Users\admin\AppData\Local\Programs\Python\Python312\Lib\site-packages\django\db\models\options.py first seen with mtime 1715703436.633813
File C:\Users\admin\AppData\Local\Programs\Python\Python312\Lib\site-packages\django\template\loaders\base.py first seen with mtime 1715703436.8401604
File C:\Users\admin\AppData\Local\Programs\Python\Python312\Lib\site-packages\django\core\files\utils.py first seen with mtime 1715703436.4468887
File C:\Users\admin\AppData\Local\Programs\Python\Python312\Lib\urllib\request.py first seen with mtime 1707237618.0
File C:\Users\admin\AppData\Local\Programs\Python\Python312\Lib\site-packages\django\dispatch\dispatcher.py first seen with mtime 1715703436.6795363
File C:\Users\admin\AppData\Local\Programs\Python\Python312\Lib\asyncio\base_tasks.py first seen with mtime 1707237618.0
File C:\Users\admin\AppData\Local\Programs\Python\Python312\Lib\site-packages\django\contrib\auth\management\__init__.py first seen with mtime 1715703433.6144662
File C:\Users\admin\AppData\Local\Programs\Python\Python312\Lib\site-packages\django\utils\decorators.py first seen with mtime 1715703436.8975892
File C:\Users\admin\AppData\Local\Programs\Python\Python312\Lib\site-packages\django\core\signals.py first seen with mtime 1715703436.39909
File C:\Users\admin\AppData\Local\Programs\Python\Python312\DLLs\_zoneinfo.pyd first seen with mtime 1707237652.0
File C:\Users\admin\AppData\Local\Programs\Python\Python312\Lib\site-packages\django\core\files\storage\mixins.py first seen with mtime 1715703436.4543147
File C:\Users\admin\AppData\Local\Programs\Python\Python312\Lib\json\decoder.py first seen with mtime 1707237618.0
File C:\Users\admin\AppData\Local\Programs\Python\Python312\Lib\email\utils.py first seen with mtime 1707237618.0
File C:\Users\admin\AppData\Local\Programs\Python\Python312\Lib\_compression.py first seen with mtime 1707237618.0
File C:\Users\admin\AppData\Local\Programs\Python\Python312\Lib\email\_parseaddr.py first seen with mtime 1707237618.0
File C:\Users\admin\AppData\Local\Programs\Python\Python312\Lib\site-packages\django\contrib\messages\middleware.py first seen with mtime 1715703435.1104753
File C:\Users\admin\AppData\Local\Programs\Python\Python312\Lib\ipaddress.py first seen with mtime 1707237618.0
File C:\Users\admin\AppData\Local\Programs\Python\Python312\Lib\site-packages\django\contrib\__init__.py first seen with mtime 1715703431.9191284
File C:\Users\admin\AppData\Local\Programs\Python\Python312\Lib\site-packages\django\core\files\move.py first seen with mtime 1715703436.4415243
File C:\Users\admin\AppData\Local\Programs\Python\Python312\Lib\site-packages\django\apps\registry.py first seen with mtime 1715703431.2971513
File C:\Users\admin\AppData\Local\Programs\Python\Python312\Lib\site-packages\django\core\cache\backends\base.py first seen with mtime 1715703436.4075756
File C:\Users\admin\AppData\Local\Programs\Python\Python312\Lib\pathlib.py first seen with mtime 1707237618.0
File C:\Users\admin\AppData\Local\Programs\Python\Python312\Lib\site-packages\django\core\checks\urls.py first seen with mtime 1715703436.4266462
File C:\Users\admin\AppData\Local\Programs\Python\Python312\Lib\site-packages\django\core\files\base.py first seen with mtime 1715703436.4372845
File C:\Users\admin\AppData\Local\Programs\Python\Python312\Lib\site-packages\django\db\models\constants.py first seen with mtime 1715703436.6243212
File C:\Users\admin\AppData\Local\Programs\Python\Python312\Lib\site-packages\django\views\decorators\__init__.py first seen with mtime 1715703436.9432106
File C:\Users\admin\AppData\Local\Programs\Python\Python312\Lib\site-packages\django\db\models\sql\where.py first seen with mtime 1715703436.6763618
File C:\Users\admin\AppData\Local\Programs\Python\Python312\Lib\socket.py first seen with mtime 1707237618.0
File C:\Users\admin\AppData\Local\Programs\Python\Python312\Lib\dataclasses.py first seen with mtime 1707237618.0
File C:\Users\admin\AppData\Local\Programs\Python\Python312\Lib\site-packages\django\db\migrations\operations\__init__.py first seen with mtime 1715703436.6137576
File C:\Users\admin\AppData\Local\Programs\Python\Python312\Lib\site-packages\django\db\migrations\operations\fields.py first seen with mtime 1715703436.61587
File C:\Users\admin\AppData\Local\Programs\Python\Python312\Lib\site-packages\django\db\models\aggregates.py first seen with mtime 1715703436.621147
File C:\Users\admin\AppData\Local\Programs\Python\Python312\Lib\site-packages\django\forms\widgets.py first seen with mtime 1715703436.6923738
File C:\Users\admin\AppData\Local\Programs\Python\Python312\Lib\difflib.py first seen with mtime 1707237618.0
File C:\Users\admin\AppData\Local\Programs\Python\Python312\Lib\site-packages\django\core\serializers\base.py first seen with mtime 1715703436.5126877
File C:\Users\admin\AppData\Local\Programs\Python\Python312\Lib\site-packages\django\contrib\staticfiles\management\commands\runserver.py first seen with mtime 1715703436.3905697
File C:\Users\admin\AppData\Local\Programs\Python\Python312\Lib\asyncio\mixins.py first seen with mtime 1707237618.0
File C:\Users\admin\AppData\Local\Programs\Python\Python312\Lib\email\parser.py first seen with mtime 1707237618.0
File C:\Users\admin\AppData\Local\Programs\Python\Python312\Lib\asyncio\trsock.py first seen with mtime 1707237618.0
File C:\Users\admin\AppData\Local\Programs\Python\Python312\Lib\site-packages\django\utils\version.py first seen with mtime 1715703436.9272823
File C:\Users\admin\AppData\Local\Programs\Python\Python312\Lib\socketserver.py first seen with mtime 1707237618.0
File C:\Users\admin\AppData\Local\Programs\Python\Python312\Lib\site-packages\django\templatetags\static.py first seen with mtime 1715703436.8497183
File D:\Hari\EEE\Django_Files\DjangoPost\DjangoPost\blog\posts\apps.py first seen with mtime 1684508793.9720373
File D:\Hari\EEE\Django_Files\DjangoPost\DjangoPost\blog\blog\forms.py first seen with mtime 1707502250.1308951
File C:\Users\admin\AppData\Local\Programs\Python\Python312\Lib\site-packages\django\forms\fields.py first seen with mtime 1715703436.6848588
File C:\Users\admin\AppData\Local\Programs\Python\Python312\Lib\site-packages\django\template\backends\django.py first seen with mtime 1715703436.8327663
File C:\Users\admin\AppData\Local\Programs\Python\Python312\Lib\site-packages\django\core\checks\files.py first seen with mtime 1715703436.4202907
File C:\Users\admin\AppData\Local\Programs\Python\Python312\Lib\site-packages\django\template\loader.py first seen with mtime 1715703436.8243113
File C:\Users\admin\AppData\Local\Programs\Python\Python312\Lib\re\_parser.py first seen with mtime 1707237618.0
File C:\Users\admin\AppData\Local\Programs\Python\Python312\Lib\site-packages\django\contrib\admin\templatetags\admin_list.py first seen with mtime 1715703432.955014
File C:\Users\admin\AppData\Local\Programs\Python\Python312\Lib\site-packages\django\core\checks\security\__init__.py first seen with mtime 1715703436.4309156
File C:\Users\admin\AppData\Local\Programs\Python\Python312\Lib\site-packages\django\forms\models.py first seen with mtime 1715703436.6891775
File C:\Users\admin\AppData\Local\Programs\Python\Python312\Lib\ctypes\wintypes.py first seen with mtime 1707237618.0
File C:\Users\admin\AppData\Local\Programs\Python\Python312\Lib\site-packages\django\core\servers\basehttp.py first seen with mtime 1715703436.5211878
File C:\Users\admin\AppData\Local\Programs\Python\Python312\Lib\site-packages\django\core\cache\utils.py first seen with mtime 1715703436.4054563
File C:\Users\admin\AppData\Local\Programs\Python\Python312\Lib\site-packages\django\db\backends\ddl_references.py first seen with mtime 1715703436.5275607
File C:\Users\admin\AppData\Local\Programs\Python\Python312\Lib\site-packages\django\core\checks\database.py first seen with mtime 1715703436.419243
File C:\Users\admin\AppData\Local\Programs\Python\Python312\Lib\tempfile.py first seen with mtime 1707237618.0
File C:\Users\admin\AppData\Local\Programs\Python\Python312\Lib\encodings\aliases.py first seen with mtime 1707237618.0
File C:\Users\admin\AppData\Local\Programs\Python\Python312\Lib\site-packages\django\db\migrations\loader.py first seen with mtime 1715703436.6021614
File C:\Users\admin\AppData\Local\Programs\Python\Python312\Lib\asyncio\tasks.py first seen with mtime 1707237618.0
File C:\Users\admin\AppData\Local\Programs\Python\Python312\Lib\calendar.py first seen with mtime 1707237618.0
File C:\Users\admin\AppData\Local\Programs\Python\Python312\Lib\site-packages\django\template\base.py first seen with mtime 1715703436.8136868
File C:\Users\admin\AppData\Local\Programs\Python\Python312\Lib\site-packages\django\db\models\expressions.py first seen with mtime 1715703436.6296191
File C:\Users\admin\AppData\Local\Programs\Python\Python312\Lib\site-packages\django\contrib\auth\middleware.py first seen with mtime 1715703433.2973392
File C:\Users\admin\AppData\Local\Programs\Python\Python312\Lib\site-packages\django\conf\global_settings.py first seen with mtime 1715703431.3003433
File C:\Users\admin\AppData\Local\Programs\Python\Python312\Lib\linecache.py first seen with mtime 1707237618.0
File C:\Users\admin\AppData\Local\Programs\Python\Python312\Lib\site-packages\django\template\utils.py first seen with mtime 1715703436.829595
File C:\Users\admin\AppData\Local\Programs\Python\Python312\Lib\re\_casefix.py first seen with mtime 1707237618.0
File C:\Users\admin\AppData\Local\Programs\Python\Python312\Lib\bisect.py first seen with mtime 1707237618.0
File C:\Users\admin\AppData\Local\Programs\Python\Python312\Lib\site-packages\django\utils\itercompat.py first seen with mtime 1715703436.912364
File C:\Users\admin\AppData\Local\Programs\Python\Python312\Lib\site-packages\django\core\files\storage\handler.py first seen with mtime 1715703436.4511151
File C:\Users\admin\AppData\Local\Programs\Python\Python312\Lib\site-packages\django\db\backends\utils.py first seen with mtime 1715703436.5296645
File C:\Users\admin\AppData\Local\Programs\Python\Python312\Lib\site-packages\django\db\models\fields\generated.py first seen with mtime 1715703436.6443064
File C:\Users\admin\AppData\Local\Programs\Python\Python312\Lib\site-packages\django\utils\datastructures.py first seen with mtime 1715703436.892314
File C:\Users\admin\AppData\Local\Programs\Python\Python312\Lib\site-packages\django\conf\locale\__init__.py first seen with mtime 1715703431.3099506
File C:\Users\admin\AppData\Local\Programs\Python\Python312\Lib\weakref.py first seen with mtime 1707237618.0
File C:\Users\admin\AppData\Local\Programs\Python\Python312\Lib\urllib\response.py first seen with mtime 1707237618.0
File C:\Users\admin\AppData\Local\Programs\Python\Python312\DLLs\_hashlib.pyd first seen with mtime 1707237652.0
File C:\Users\admin\AppData\Local\Programs\Python\Python312\Lib\site-packages\django\contrib\auth\forms.py first seen with mtime 1715703433.2952118
File C:\Users\admin\AppData\Local\Programs\Python\Python312\Lib\site-packages\sqlparse\lexer.py first seen with mtime 1715703430.5986264
File C:\Users\admin\AppData\Local\Programs\Python\Python312\Lib\asyncio\constants.py first seen with mtime 1707237618.0
File C:\Users\admin\AppData\Local\Programs\Python\Python312\Lib\site-packages\django\core\cache\backends\filebased.py first seen with mtime 1715703436.410753
File C:\Users\admin\AppData\Local\Programs\Python\Python312\Lib\site-packages\django\db\transaction.py first seen with mtime 1715703436.5233326
File C:\Users\admin\AppData\Local\Programs\Python\Python312\Lib\site-packages\django\template\loaders\__init__.py first seen with mtime 1715703436.8369606
File C:\Users\admin\AppData\Local\Programs\Python\Python312\Lib\site-packages\django\http\request.py first seen with mtime 1715703436.7978237
File C:\Users\admin\AppData\Local\Programs\Python\Python312\Lib\site-packages\django\apps\config.py first seen with mtime 1715703431.2960925
File C:\Users\admin\AppData\Local\Programs\Python\Python312\Lib\site-packages\django\db\models\sql\subqueries.py first seen with mtime 1715703436.6752894
File C:\Users\admin\AppData\Local\Programs\Python\Python312\Lib\signal.py first seen with mtime 1707237618.0
File C:\Users\admin\AppData\Local\Programs\Python\Python312\Lib\types.py first seen with mtime 1707237618.0
File C:\Users\admin\AppData\Local\Programs\Python\Python312\Lib\site-packages\django\template\context.py first seen with mtime 1715703436.814734
File C:\Users\admin\AppData\Local\Programs\Python\Python312\Lib\site-packages\django\core\checks\messages.py first seen with mtime 1715703436.4213386
File C:\Users\admin\AppData\Local\Programs\Python\Python312\Lib\site-packages\django\db\migrations\operations\models.py first seen with mtime 1715703436.6179824
File C:\Users\admin\AppData\Local\Programs\Python\Python312\Lib\site-packages\django\db\models\fields\mixins.py first seen with mtime 1715703436.6464436
File C:\Users\admin\AppData\Local\Programs\Python\Python312\Lib\site-packages\django\db\__init__.py first seen with mtime 1715703436.5222478
File C:\Users\admin\AppData\Local\Programs\Python\Python312\Lib\queue.py first seen with mtime 1707237618.0
File C:\Users\admin\AppData\Local\Programs\Python\Python312\DLLs\_socket.pyd first seen with mtime 1707237652.0
File C:\Users\admin\AppData\Local\Programs\Python\Python312\Lib\site-packages\django\http\cookie.py first seen with mtime 1715703436.795708
File C:\Users\admin\AppData\Local\Programs\Python\Python312\Lib\site-packages\django\template\engine.py first seen with mtime 1715703436.8200293
File C:\Users\admin\AppData\Local\Programs\Python\Python312\Lib\site-packages\django\urls\__init__.py first seen with mtime 1715703436.8731637
File C:\Users\admin\AppData\Local\Programs\Python\Python312\Lib\site-packages\django\views\generic\detail.py first seen with mtime 1715703436.9579628
File C:\Users\admin\AppData\Local\Programs\Python\Python312\Lib\site-packages\django\core\serializers\__init__.py first seen with mtime 1715703436.5116234
File C:\Users\admin\AppData\Local\Programs\Python\Python312\Lib\site-packages\django\db\models\fields\related_descriptors.py first seen with mtime 1715703436.6507154
File C:\Users\admin\AppData\Local\Programs\Python\Python312\Lib\site-packages\django\contrib\staticfiles\management\__init__.py first seen with mtime 1715703436.3862634
File C:\Users\admin\AppData\Local\Programs\Python\Python312\Lib\site-packages\django\db\migrations\operations\base.py first seen with mtime 1715703436.6148214
File C:\Users\admin\AppData\Local\Programs\Python\Python312\Lib\site-packages\django\forms\renderers.py first seen with mtime 1715703436.690242
File C:\Users\admin\AppData\Local\Programs\Python\Python312\Lib\site-packages\django\utils\choices.py first seen with mtime 1715703436.8880637
File C:\Users\admin\AppData\Local\Programs\Python\Python312\Lib\site-packages\django\template\backends\base.py first seen with mtime 1715703436.8317084
File C:\Users\admin\AppData\Local\Programs\Python\Python312\Lib\token.py first seen with mtime 1707237618.0
File C:\Users\admin\AppData\Local\Programs\Python\Python312\Lib\urllib\__init__.py first seen with mtime 1707237618.0
File C:\Users\admin\AppData\Local\Programs\Python\Python312\Lib\multiprocessing\reduction.py first seen with mtime 1707237618.0
File C:\Users\admin\AppData\Local\Programs\Python\Python312\Lib\site-packages\django\template\smartif.py first seen with mtime 1715703436.8285103
File C:\Users\admin\AppData\Local\Programs\Python\Python312\Lib\http\cookies.py first seen with mtime 1707237618.0
File C:\Users\admin\AppData\Local\Programs\Python\Python312\Lib\site-packages\django\apps\__init__.py first seen with mtime 1715703431.2949865
File C:\Users\admin\AppData\Local\Programs\Python\Python312\Lib\_compat_pickle.py first seen with mtime 1707237618.0
File C:\Users\admin\AppData\Local\Programs\Python\Python312\Lib\site-packages\django\contrib\messages\storage\__init__.py first seen with mtime 1715703435.1147888
File C:\Users\admin\AppData\Local\Programs\Python\Python312\Lib\site-packages\django\core\cache\__init__.py first seen with mtime 1715703436.4044006
File C:\Users\admin\AppData\Local\Programs\Python\Python312\Lib\site-packages\sqlparse\utils.py first seen with mtime 1715703430.6017947
File C:\Users\admin\AppData\Local\Programs\Python\Python312\Lib\tokenize.py first seen with mtime 1707237618.0
File C:\Users\admin\AppData\Local\Programs\Python\Python312\Lib\site-packages\django\utils\__init__.py first seen with mtime 1715703436.8805473
File C:\Users\admin\AppData\Local\Programs\Python\Python312\Lib\site-packages\django\utils\ipv6.py first seen with mtime 1715703436.9113164
File C:\Users\admin\AppData\Local\Programs\Python\Python312\Lib\site-packages\django\core\checks\caches.py first seen with mtime 1715703436.4181917
File C:\Users\admin\AppData\Local\Programs\Python\Python312\Lib\site-packages\django\db\models\functions\window.py first seen with mtime 1715703436.6635132
File C:\Users\admin\AppData\Local\Programs\Python\Python312\Lib\asyncio\base_futures.py first seen with mtime 1707237618.0
File C:\Users\admin\AppData\Local\Programs\Python\Python312\Lib\site-packages\django\core\handlers\base.py first seen with mtime 1715703436.4574978
File C:\Users\admin\AppData\Local\Programs\Python\Python312\DLLs\select.pyd first seen with mtime 1707237652.0
File C:\Users\admin\AppData\Local\Programs\Python\Python312\Lib\reprlib.py first seen with mtime 1707237618.0
File C:\Users\admin\AppData\Local\Programs\Python\Python312\Lib\asyncio\__init__.py first seen with mtime 1707237618.0
File C:\Users\admin\AppData\Local\Programs\Python\Python312\Lib\site-packages\django\core\wsgi.py first seen with mtime 1715703436.403331
File C:\Users\admin\AppData\Local\Programs\Python\Python312\Lib\email\message.py first seen with mtime 1707237618.0
File C:\Users\admin\AppData\Local\Programs\Python\Python312\Lib\site-packages\django\contrib\auth\tokens.py first seen with mtime 1715703433.3036568
File C:\Users\admin\AppData\Local\Programs\Python\Python312\Lib\json\scanner.py first seen with mtime 1707237618.0
File C:\Users\admin\AppData\Local\Programs\Python\Python312\Lib\site-packages\django\core\files\storage\base.py first seen with mtime 1715703436.4489992
File C:\Users\admin\AppData\Local\Programs\Python\Python312\Lib\decimal.py first seen with mtime 1707237618.0
File C:\Users\admin\AppData\Local\Programs\Python\Python312\Lib\site-packages\django\core\checks\__init__.py first seen with mtime 1715703436.416088
File C:\Users\admin\AppData\Local\Programs\Python\Python312\Lib\site-packages\django\core\servers\__init__.py first seen with mtime 1715703436.5201252
File C:\Users\admin\AppData\Local\Programs\Python\Python312\Lib\site-packages\django\db\migrations\migration.py first seen with mtime 1715703436.6032119
File C:\Users\admin\AppData\Local\Programs\Python\Python312\Lib\site-packages\django\db\migrations\state.py first seen with mtime 1715703436.6095574
File C:\Users\admin\AppData\Local\Programs\Python\Python312\Lib\site-packages\django\contrib\sessions\models.py first seen with mtime 1715703435.7670152
File C:\Users\admin\AppData\Local\Programs\Python\Python312\Lib\http\client.py first seen with mtime 1707237618.0
File C:\Users\admin\AppData\Local\Programs\Python\Python312\Lib\site-packages\django\utils\dates.py first seen with mtime 1715703436.8954775
File C:\Users\admin\AppData\Local\Programs\Python\Python312\Lib\site-packages\django\db\backends\base\features.py first seen with mtime 1715703436.5359423
File C:\Users\admin\AppData\Local\Programs\Python\Python312\Lib\site-packages\django\urls\base.py first seen with mtime 1715703436.8742182
File C:\Users\admin\AppData\Local\Programs\Python\Python312\Lib\site-packages\django\utils\deprecation.py first seen with mtime 1715703436.8986425
File C:\Users\admin\AppData\Local\Programs\Python\Python312\Lib\site-packages\django\core\files\storage\memory.py first seen with mtime 1715703436.452206
File C:\Users\admin\AppData\Local\Programs\Python\Python312\Lib\site-packages\django\template\defaulttags.py first seen with mtime 1715703436.8189678
File C:\Users\admin\AppData\Local\Programs\Python\Python312\Lib\site-packages\django\dispatch\__init__.py first seen with mtime 1715703436.6774263
File C:\Users\admin\AppData\Local\Programs\Python\Python312\Lib\site-packages\django\views\generic\edit.py first seen with mtime 1715703436.9590125
File C:\Users\admin\AppData\Local\Programs\Python\Python312\Lib\site-packages\sqlparse\filters\output.py first seen with mtime 1715703430.6135607
File C:\Users\admin\AppData\Local\Programs\Python\Python312\Lib\wsgiref\headers.py first seen with mtime 1707237618.0
File C:\Users\admin\AppData\Local\Programs\Python\Python312\Lib\site-packages\sqlparse\__init__.py first seen with mtime 1715703430.5910804
File C:\Users\admin\AppData\Local\Programs\Python\Python312\Lib\site-packages\django\db\models\query.py first seen with mtime 1715703436.6359258
File C:\Users\admin\AppData\Local\Programs\Python\Python312\Lib\typing.py first seen with mtime 1707237618.0
File C:\Users\admin\AppData\Local\Programs\Python\Python312\Lib\site-packages\django\contrib\auth\checks.py first seen with mtime 1715703433.2909575
File C:\Users\admin\AppData\Local\Programs\Python\Python312\Lib\site-packages\django\shortcuts.py first seen with mtime 1715703431.2928672
File C:\Users\admin\AppData\Local\Programs\Python\Python312\Lib\site-packages\django\core\management\commands\__init__.py first seen with mtime 1715703436.4809215
File C:\Users\admin\AppData\Local\Programs\Python\Python312\Lib\site-packages\django\views\csrf.py first seen with mtime 1715703436.93683
File C:\Users\admin\AppData\Local\Programs\Python\Python312\Lib\site-packages\django\db\migrations\utils.py first seen with mtime 1715703436.6106021
File C:\Users\admin\AppData\Local\Programs\Python\Python312\Lib\site-packages\django\core\mail\utils.py first seen with mtime 1715703436.4639397
File C:\Users\admin\AppData\Local\Programs\Python\Python312\Lib\platform.py first seen with mtime 1707237618.0
File C:\Users\admin\AppData\Local\Programs\Python\Python312\Lib\glob.py first seen with mtime 1707237618.0
File C:\Users\admin\AppData\Local\Programs\Python\Python312\Lib\site-packages\django\utils\numberformat.py first seen with mtime 1715703436.917698
File C:\Users\admin\AppData\Local\Programs\Python\Python312\Lib\site-packages\django\utils\tree.py first seen with mtime 1715703436.9262133
File C:\Users\admin\AppData\Local\Programs\Python\Python312\Lib\html\__init__.py first seen with mtime 1707237618.0
File C:\Users\admin\AppData\Local\Programs\Python\Python312\Lib\email\mime\__init__.py first seen with mtime 1707237618.0
File C:\Users\admin\AppData\Local\Programs\Python\Python312\Lib\site-packages\django\utils\duration.py first seen with mtime 1715703436.900736
File C:\Users\admin\AppData\Local\Programs\Python\Python312\Lib\site-packages\django\utils\translation\__init__.py first seen with mtime 1715703436.9304602
File C:\Users\admin\AppData\Local\Programs\Python\Python312\Lib\site-packages\django\forms\utils.py first seen with mtime 1715703436.6913116
File C:\Users\admin\AppData\Local\Programs\Python\Python312\Lib\site-packages\django\contrib\contenttypes\apps.py first seen with mtime 1715703433.6398418
File C:\Users\admin\AppData\Local\Programs\Python\Python312\Lib\site-packages\django\core\checks\async_checks.py first seen with mtime 1715703436.4171317
File C:\Users\admin\AppData\Local\Programs\Python\Python312\Lib\base64.py first seen with mtime 1707237618.0
File C:\Users\admin\AppData\Local\Programs\Python\Python312\Lib\site-packages\django\contrib\auth\apps.py first seen with mtime 1715703433.2877634
File C:\Users\admin\AppData\Local\Programs\Python\Python312\Lib\email\header.py first seen with mtime 1707237618.0
File C:\Users\admin\AppData\Local\Programs\Python\Python312\Lib\asyncio\coroutines.py first seen with mtime 1707237618.0
File C:\Users\admin\AppData\Local\Programs\Python\Python312\Lib\email\mime\message.py first seen with mtime 1707237618.0
File C:\Users\admin\AppData\Local\Programs\Python\Python312\Lib\site-packages\django\contrib\staticfiles\management\commands\__init__.py first seen with mtime 1715703436.386328
File C:\Users\admin\AppData\Local\Programs\Python\Python312\Lib\site-packages\django\core\management\__init__.py first seen with mtime 1715703436.473455
File C:\Users\admin\AppData\Local\Programs\Python\Python312\Lib\site-packages\django\forms\__init__.py first seen with mtime 1715703436.6816807
File C:\Users\admin\AppData\Local\Programs\Python\Python312\Lib\site-packages\django\utils\connection.py first seen with mtime 1715703436.8901367
File C:\Users\admin\AppData\Local\Programs\Python\Python312\Lib\site-packages\django\conf\urls\__init__.py first seen with mtime 1715703431.9137614
File C:\Users\admin\AppData\Local\Programs\Python\Python312\Lib\site-packages\django\contrib\sessions\exceptions.py first seen with mtime 1715703435.7638118
File C:\Users\admin\AppData\Local\Programs\Python\Python312\Lib\heapq.py first seen with mtime 1707237618.0
File C:\Users\admin\AppData\Local\Programs\Python\Python312\Lib\email\generator.py first seen with mtime 1707237618.0
File D:\Hari\EEE\Django_Files\DjangoPost\DjangoPost\blog\blog\settings.py first seen with mtime 1724499144.6451201
File C:\Users\admin\AppData\Local\Programs\Python\Python312\Lib\pickle.py first seen with mtime 1707237618.0
File C:\Users\admin\AppData\Local\Programs\Python\Python312\Lib\json\__init__.py first seen with mtime 1707237618.0
File C:\Users\admin\AppData\Local\Programs\Python\Python312\Lib\site-packages\django\contrib\admin\checks.py first seen with mtime 1715703431.9266143
File C:\Users\admin\AppData\Local\Programs\Python\Python312\DLLs\_ctypes.pyd first seen with mtime 1707237654.0
File C:\Users\admin\AppData\Local\Programs\Python\Python312\Lib\site-packages\django\contrib\auth\signals.py first seen with mtime 1715703433.3026154
File C:\Users\admin\AppData\Local\Programs\Python\Python312\Lib\http\__init__.py first seen with mtime 1707237618.0
File C:\Users\admin\AppData\Local\Programs\Python\Python312\Lib\logging\__init__.py first seen with mtime 1707237618.0
File C:\Users\admin\AppData\Local\Programs\Python\Python312\Lib\site-packages\django\utils\lorem_ipsum.py first seen with mtime 1715703436.9155593
File C:\Users\admin\AppData\Local\Programs\Python\Python312\Lib\site-packages\sqlparse\filters\right_margin.py first seen with mtime 1715703430.61569
File C:\Users\admin\AppData\Local\Programs\Python\Python312\Lib\site-packages\django\db\backends\base\schema.py first seen with mtime 1715703436.5402312
File C:\Users\admin\AppData\Local\Programs\Python\Python312\Lib\site-packages\django\forms\forms.py first seen with mtime 1715703436.6859417
File C:\Users\admin\AppData\Local\Programs\Python\Python312\Lib\site-packages\django\db\models\sql\constants.py first seen with mtime 1715703436.6678493
File C:\Users\admin\AppData\Local\Programs\Python\Python312\Lib\site-packages\django\contrib\auth\password_validation.py first seen with mtime 1715703433.301526
File C:\Users\admin\AppData\Local\Programs\Python\Python312\Lib\site-packages\asgiref\local.py first seen with mtime 1715703431.0879061
File C:\Users\admin\AppData\Local\Programs\Python\Python312\Lib\site-packages\django\contrib\messages\utils.py first seen with mtime 1715703435.1126437
File C:\Users\admin\AppData\Local\Programs\Python\Python312\Lib\site-packages\django\db\backends\base\client.py first seen with mtime 1715703436.5328295
File C:\Users\admin\AppData\Local\Programs\Python\Python312\Lib\asyncio\events.py first seen with mtime 1707237618.0
File C:\Users\admin\AppData\Local\Programs\Python\Python312\Lib\threading.py first seen with mtime 1707237618.0
File C:\Users\admin\AppData\Local\Programs\Python\Python312\Lib\functools.py first seen with mtime 1707237618.0
File C:\Users\admin\AppData\Local\Programs\Python\Python312\Lib\site-packages\django\contrib\admin\actions.py first seen with mtime 1715703431.922351
File C:\Users\admin\AppData\Local\Programs\Python\Python312\Lib\site-packages\django\core\files\locks.py first seen with mtime 1715703436.4404178
File C:\Users\admin\AppData\Local\Programs\Python\Python312\Lib\site-packages\django\contrib\admin\views\__init__.py first seen with mtime 1715703432.9613628
File C:\Users\admin\AppData\Local\Programs\Python\Python312\Lib\asyncio\base_subprocess.py first seen with mtime 1707237618.0
File C:\Users\admin\AppData\Local\Programs\Python\Python312\Lib\sqlite3\__init__.py first seen with mtime 1707237618.0
File C:\Users\admin\AppData\Local\Programs\Python\Python312\Lib\operator.py first seen with mtime 1707237618.0
File C:\Users\admin\AppData\Local\Programs\Python\Python312\Lib\email\contentmanager.py first seen with mtime 1707237618.0
File C:\Users\admin\AppData\Local\Programs\Python\Python312\Lib\site-packages\django\core\files\storage\__init__.py first seen with mtime 1715703436.447934
File C:\Users\admin\AppData\Local\Programs\Python\Python312\Lib\site-packages\django\utils\encoding.py first seen with mtime 1715703436.9017959
File C:\Users\admin\AppData\Local\Programs\Python\Python312\Lib\site-packages\django\db\backends\sqlite3\features.py first seen with mtime 1715703436.5905018
File C:\Users\admin\AppData\Local\Programs\Python\Python312\Lib\site-packages\django\templatetags\cache.py first seen with mtime 1715703436.8454967
File C:\Users\admin\AppData\Local\Programs\Python\Python312\Lib\site-packages\django\views\generic\base.py first seen with mtime 1715703436.9558442
File C:\Users\admin\AppData\Local\Programs\Python\Python312\DLLs\_wmi.pyd first seen with mtime 1707237652.0
File C:\Users\admin\AppData\Local\Programs\Python\Python312\Lib\asyncio\staggered.py first seen with mtime 1707237618.0
File C:\Users\admin\AppData\Local\Programs\Python\Python312\Lib\email\_policybase.py first seen with mtime 1707237618.0
File C:\Users\admin\AppData\Local\Programs\Python\Python312\Lib\email\errors.py first seen with mtime 1707237618.0
File C:\Users\admin\AppData\Local\Programs\Python\Python312\Lib\site-packages\django\db\backends\sqlite3\introspection.py first seen with mtime 1715703436.5915508
File C:\Users\admin\AppData\Local\Programs\Python\Python312\Lib\concurrent\futures\thread.py first seen with mtime 1707237618.0
File C:\Users\admin\AppData\Local\Programs\Python\Python312\Lib\site-packages\django\utils\dateformat.py first seen with mtime 1715703436.8933797
File C:\Users\admin\AppData\Local\Programs\Python\Python312\Lib\site-packages\django\db\backends\sqlite3\creation.py first seen with mtime 1715703436.5894482
File C:\Users\admin\AppData\Local\Programs\Python\Python312\Lib\re\__init__.py first seen with mtime 1707237618.0
File C:\Users\admin\AppData\Local\Programs\Python\Python312\Lib\site-packages\django\contrib\sessions\backends\__init__.py first seen with mtime 1715703435.7691467
File C:\Users\admin\AppData\Local\Programs\Python\Python312\Lib\selectors.py first seen with mtime 1707237618.0
File C:\Users\admin\AppData\Local\Programs\Python\Python312\Lib\site-packages\django\core\checks\translation.py first seen with mtime 1715703436.4255884
File C:\Users\admin\AppData\Local\Programs\Python\Python312\Lib\zoneinfo\_common.py first seen with mtime 1707237618.0
File C:\Users\admin\AppData\Local\Programs\Python\Python312\Lib\asyncio\queues.py first seen with mtime 1707237618.0
File C:\Users\admin\AppData\Local\Programs\Python\Python312\Lib\site-packages\django\contrib\staticfiles\__init__.py first seen with mtime 1715703436.374579
File C:\Users\admin\AppData\Local\Programs\Python\Python312\Lib\site-packages\django\utils\http.py first seen with mtime 1715703436.9092028
File C:\Users\admin\AppData\Local\Programs\Python\Python312\Lib\site-packages\django\contrib\sessions\apps.py first seen with mtime 1715703435.7616706
File C:\Users\admin\AppData\Local\Programs\Python\Python312\Lib\site-packages\django\db\models\indexes.py first seen with mtime 1715703436.6306748
File C:\Users\admin\AppData\Local\Programs\Python\Python312\Lib\ctypes\_endian.py first seen with mtime 1707237618.0
File C:\Users\admin\AppData\Local\Programs\Python\Python312\Lib\site-packages\django\contrib\sites\shortcuts.py first seen with mtime 1715703436.085978
File C:\Users\admin\AppData\Local\Programs\Python\Python312\Lib\site-packages\django\template\autoreload.py first seen with mtime 1715703436.812617
File C:\Users\admin\AppData\Local\Programs\Python\Python312\Lib\urllib\parse.py first seen with mtime 1707237618.0
File C:\Users\admin\AppData\Local\Programs\Python\Python312\Lib\asyncio\selector_events.py first seen with mtime 1707237618.0
File C:\Users\admin\AppData\Local\Programs\Python\Python312\Lib\traceback.py first seen with mtime 1707237618.0
File C:\Users\admin\AppData\Local\Programs\Python\Python312\Lib\site-packages\django\template\defaultfilters.py first seen with mtime 1715703436.8179083
File C:\Users\admin\AppData\Local\Programs\Python\Python312\Lib\site-packages\django\utils\translation\trans_real.py first seen with mtime 1715703436.9346836
File C:\Users\admin\AppData\Local\Programs\Python\Python312\Lib\shutil.py first seen with mtime 1707237618.0
File C:\Users\admin\AppData\Local\Programs\Python\Python312\Lib\site-packages\django\db\models\fields\reverse_related.py first seen with mtime 1715703436.65393
File C:\Users\admin\AppData\Local\Programs\Python\Python312\Lib\opcode.py first seen with mtime 1707237618.0
File C:\Users\admin\AppData\Local\Programs\Python\Python312\Lib\multiprocessing\__init__.py first seen with mtime 1707237618.0
File C:\Users\admin\AppData\Local\Programs\Python\Python312\Lib\site-packages\django\contrib\admin\decorators.py first seen with mtime 1715703431.92769
File C:\Users\admin\AppData\Local\Programs\Python\Python312\Lib\contextlib.py first seen with mtime 1707237618.0
File C:\Users\admin\AppData\Local\Programs\Python\Python312\Lib\site-packages\django\db\models\functions\text.py first seen with mtime 1715703436.6624482
File C:\Users\admin\AppData\Local\Programs\Python\Python312\Lib\site-packages\sqlparse\engine\__init__.py first seen with mtime 1715703430.603975
File C:\Users\admin\AppData\Local\Programs\Python\Python312\Lib\secrets.py first seen with mtime 1707237618.0
File C:\Users\admin\AppData\Local\Programs\Python\Python312\Lib\site-packages\django\core\checks\templates.py first seen with mtime 1715703436.4245186
File C:\Users\admin\AppData\Local\Programs\Python\Python312\Lib\concurrent\__init__.py first seen with mtime 1707237618.0
File C:\Users\admin\AppData\Local\Programs\Python\Python312\Lib\nturl2path.py first seen with mtime 1707237618.0
File C:\Users\admin\AppData\Local\Programs\Python\Python312\Lib\site-packages\django\contrib\auth\__init__.py first seen with mtime 1715703433.2845714
File C:\Users\admin\AppData\Local\Programs\Python\Python312\Lib\site-packages\django\utils\crypto.py first seen with mtime 1715703436.8912551
File C:\Users\admin\AppData\Local\Programs\Python\Python312\Lib\inspect.py first seen with mtime 1707237618.0
File C:\Users\admin\AppData\Local\Programs\Python\Python312\Lib\site-packages\django\utils\hashable.py first seen with mtime 1715703436.906065
File C:\Users\admin\AppData\Local\Programs\Python\Python312\Lib\site-packages\django\contrib\admin\templatetags\admin_modify.py first seen with mtime 1715703432.9570935
File C:\Users\admin\AppData\Local\Programs\Python\Python312\Lib\site-packages\django\contrib\sites\requests.py first seen with mtime 1715703436.0849237
File C:\Users\admin\AppData\Local\Programs\Python\Python312\Lib\site-packages\django\utils\regex_helper.py first seen with mtime 1715703436.9187908
File C:\Users\admin\AppData\Local\Programs\Python\Python312\Lib\site-packages\django\contrib\admin\options.py first seen with mtime 1715703431.9399278
File C:\Users\admin\AppData\Local\Programs\Python\Python312\Lib\site-packages\django\core\management\base.py first seen with mtime 1715703436.4745114
File C:\Users\admin\AppData\Local\Programs\Python\Python312\Lib\site-packages\django\contrib\messages\__init__.py first seen with mtime 1715703435.1040835
File C:\Users\admin\AppData\Local\Programs\Python\Python312\Lib\asyncio\windows_events.py first seen with mtime 1707237618.0
File C:\Users\admin\AppData\Local\Programs\Python\Python312\Lib\site-packages\django\contrib\auth\base_user.py first seen with mtime 1715703433.2898867
File C:\Users\admin\AppData\Local\Programs\Python\Python312\Lib\site-packages\django\contrib\auth\models.py first seen with mtime 1715703433.299479
File C:\Users\admin\AppData\Local\Programs\Python\Python312\Lib\site-packages\django\middleware\common.py first seen with mtime 1715703436.8041508
File C:\Users\admin\AppData\Local\Programs\Python\Python312\Lib\logging\handlers.py first seen with mtime 1707237618.0
File C:\Users\admin\AppData\Local\Programs\Python\Python312\Lib\site-packages\django\core\checks\model_checks.py first seen with mtime 1715703436.4223921
File C:\Users\admin\AppData\Local\Programs\Python\Python312\Lib\site-packages\django\db\models\query_utils.py first seen with mtime 1715703436.6369777
File C:\Users\admin\AppData\Local\Programs\Python\Python312\Lib\site-packages\django\db\models\functions\math.py first seen with mtime 1715703436.6592577
File C:\Users\admin\AppData\Local\Programs\Python\Python312\Lib\site-packages\django\templatetags\__init__.py first seen with mtime 1715703436.8444214
File C:\Users\admin\AppData\Local\Programs\Python\Python312\Lib\site-packages\django\utils\inspect.py first seen with mtime 1715703436.9102511
File C:\Users\admin\AppData\Local\Programs\Python\Python312\Lib\site-packages\django\db\migrations\operations\special.py first seen with mtime 1715703436.6190379
File C:\Users\admin\AppData\Local\Programs\Python\Python312\Lib\site-packages\sqlparse\engine\filter_stack.py first seen with mtime 1715703430.606089
File C:\Users\admin\AppData\Local\Programs\Python\Python312\Lib\site-packages\django\db\backends\sqlite3\_functions.py first seen with mtime 1715703436.5852244
File C:\Users\admin\AppData\Local\Programs\Python\Python312\Lib\copyreg.py first seen with mtime 1707237618.0
File C:\Users\admin\AppData\Local\Programs\Python\Python312\Lib\site-packages\django\db\backends\base\introspection.py first seen with mtime 1715703436.5370889
File C:\Users\admin\AppData\Local\Programs\Python\Python312\Lib\site-packages\django\db\backends\sqlite3\__init__.py first seen with mtime 1715703436.584158
File C:\Users\admin\AppData\Local\Programs\Python\Python312\Lib\site-packages\django\http\__init__.py first seen with mtime 1715703436.7946467
File C:\Users\admin\AppData\Local\Programs\Python\Python312\Lib\site-packages\django\core\checks\security\csrf.py first seen with mtime 1715703436.4330428
File C:\Users\admin\AppData\Local\Programs\Python\Python312\Lib\site-packages\django\db\models\deletion.py first seen with mtime 1715703436.6264372
File C:\Users\admin\AppData\Local\Programs\Python\Python312\Lib\wsgiref\util.py first seen with mtime 1707237618.0
File C:\Users\admin\AppData\Local\Programs\Python\Python312\Lib\site-packages\django\template\backends\__init__.py first seen with mtime 1715703436.8306532
File C:\Users\admin\AppData\Local\Programs\Python\Python312\Lib\importlib\_abc.py first seen with mtime 1707237618.0
File C:\Users\admin\AppData\Local\Programs\Python\Python312\Lib\email\mime\base.py first seen with mtime 1707237618.0
File C:\Users\admin\AppData\Local\Programs\Python\Python312\Lib\site-packages\django\utils\autoreload.py first seen with mtime 1715703436.8858976
File C:\Users\admin\AppData\Local\Programs\Python\Python312\Lib\site-packages\sqlparse\engine\grouping.py first seen with mtime 1715703430.6071558
File C:\Users\admin\AppData\Local\Programs\Python\Python312\Lib\datetime.py first seen with mtime 1707237618.0
File C:\Users\admin\AppData\Local\Programs\Python\Python312\Lib\gettext.py first seen with mtime 1707237618.0
File C:\Users\admin\AppData\Local\Programs\Python\Python312\Lib\html\entities.py first seen with mtime 1707237618.0
File C:\Users\admin\AppData\Local\Programs\Python\Python312\DLLs\_asyncio.pyd first seen with mtime 1707237652.0
File C:\Users\admin\AppData\Local\Programs\Python\Python312\Lib\site-packages\django\http\response.py first seen with mtime 1715703436.7988794
File C:\Users\admin\AppData\Local\Programs\Python\Python312\Lib\site-packages\django\views\debug.py first seen with mtime 1715703436.9389472
File C:\Users\admin\AppData\Local\Programs\Python\Python312\Lib\site-packages\sqlparse\keywords.py first seen with mtime 1715703430.5975382
File C:\Users\admin\AppData\Local\Programs\Python\Python312\Lib\site-packages\django\contrib\contenttypes\fields.py first seen with mtime 1715703433.6420083
File C:\Users\admin\AppData\Local\Programs\Python\Python312\Lib\site-packages\django\core\files\images.py first seen with mtime 1715703436.4383497
File C:\Users\admin\AppData\Local\Programs\Python\Python312\Lib\uuid.py first seen with mtime 1707237618.0
File C:\Users\admin\AppData\Local\Programs\Python\Python312\Lib\site-packages\django\core\__init__.py first seen with mtime 1715703436.394806
File C:\Users\admin\AppData\Local\Programs\Python\Python312\Lib\site-packages\django\core\checks\compatibility\django_4_0.py first seen with mtime 1715703436.4298453
File C:\Users\admin\AppData\Local\Programs\Python\Python312\Lib\site-packages\django\db\backends\base\base.py first seen with mtime 1715703436.5317826
File C:\Users\admin\AppData\Local\Programs\Python\Python312\Lib\asyncio\futures.py first seen with mtime 1707237618.0
File C:\Users\admin\AppData\Local\Programs\Python\Python312\DLLs\unicodedata.pyd first seen with mtime 1707237652.0
File C:\Users\admin\AppData\Local\Programs\Python\Python312\Lib\site-packages\django\templatetags\i18n.py first seen with mtime 1715703436.8475986
File C:\Users\admin\AppData\Local\Programs\Python\Python312\Lib\email\__init__.py first seen with mtime 1707237618.0
File C:\Users\admin\AppData\Local\Programs\Python\Python312\Lib\encodings\__init__.py first seen with mtime 1707237618.0
File C:\Users\admin\AppData\Local\Programs\Python\Python312\Lib\html\parser.py first seen with mtime 1707237618.0
File C:\Users\admin\AppData\Local\Programs\Python\Python312\Lib\site-packages\django\contrib\staticfiles\utils.py first seen with mtime 1715703436.384161
File C:\Users\admin\AppData\Local\Programs\Python\Python312\Lib\site-packages\django\db\models\fields\related.py first seen with mtime 1715703436.6496453
File C:\Users\admin\AppData\Local\Programs\Python\Python312\Lib\site-packages\django\db\backends\base\validation.py first seen with mtime 1715703436.541426
File C:\Users\admin\AppData\Local\Programs\Python\Python312\Lib\site-packages\django\template\__init__.py first seen with mtime 1715703436.8115523
File C:\Users\admin\AppData\Local\Programs\Python\Python312\Lib\site-packages\django\contrib\contenttypes\forms.py first seen with mtime 1715703433.6430676
File C:\Users\admin\AppData\Local\Programs\Python\Python312\Lib\site-packages\django\contrib\contenttypes\admin.py first seen with mtime 1715703433.6377802
File C:\Users\admin\AppData\Local\Programs\Python\Python312\Lib\asyncio\transports.py first seen with mtime 1707237618.0
File C:\Users\admin\AppData\Local\Programs\Python\Python312\Lib\graphlib.py first seen with mtime 1707237618.0
File C:\Users\admin\AppData\Local\Programs\Python\Python312\Lib\pprint.py first seen with mtime 1707237618.0
File C:\Users\admin\AppData\Local\Programs\Python\Python312\Lib\site-packages\django\views\decorators\debug.py first seen with mtime 1715703436.9495609
File C:\Users\admin\AppData\Local\Programs\Python\Python312\Lib\site-packages\django\conf\__init__.py first seen with mtime 1715703431.2982166
File C:\Users\admin\AppData\Local\Programs\Python\Python312\Lib\site-packages\django\utils\formats.py first seen with mtime 1715703436.9039545
File C:\Users\admin\AppData\Local\Programs\Python\Python312\Lib\site-packages\django\utils\cache.py first seen with mtime 1715703436.8869991
File C:\Users\admin\AppData\Local\Programs\Python\Python312\Lib\site-packages\django\contrib\auth\validators.py first seen with mtime 1715703433.305769
File C:\Users\admin\AppData\Local\Programs\Python\Python312\Lib\site-packages\django\db\backends\sqlite3\client.py first seen with mtime 1715703436.588394
File C:\Users\admin\AppData\Local\Programs\Python\Python312\Lib\site-packages\django\views\generic\dates.py first seen with mtime 1715703436.9569008
File C:\Users\admin\AppData\Local\Programs\Python\Python312\Lib\site-packages\django\db\models\fields\proxy.py first seen with mtime 1715703436.6475112
File D:\Hari\EEE\Django_Files\DjangoPost\DjangoPost\blog\blog\__init__.py first seen with mtime 1684508793.9431167
File C:\Users\admin\AppData\Local\Programs\Python\Python312\Lib\ctypes\__init__.py first seen with mtime 1707237618.0
File C:\Users\admin\AppData\Local\Programs\Python\Python312\Lib\site-packages\django\core\files\uploadedfile.py first seen with mtime 1715703436.443699
File C:\Users\admin\AppData\Local\Programs\Python\Python312\Lib\site-packages\django\db\models\__init__.py first seen with mtime 1715703436.6201024
File C:\Users\admin\AppData\Local\Programs\Python\Python312\Lib\site-packages\django\utils\asyncio.py first seen with mtime 1715703436.8847983
File C:\Users\admin\AppData\Local\Programs\Python\Python312\Lib\site-packages\django\contrib\admin\templatetags\log.py first seen with mtime 1715703432.960293
File D:\Hari\EEE\Django_Files\DjangoPost\DjangoPost\blog\manage.py first seen with mtime 1684508793.9580753
File C:\Users\admin\AppData\Local\Programs\Python\Python312\Lib\site-packages\django\utils\termcolors.py first seen with mtime 1715703436.9209101
File C:\Users\admin\AppData\Local\Programs\Python\Python312\Lib\fnmatch.py first seen with mtime 1707237618.0
File C:\Users\admin\AppData\Local\Programs\Python\Python312\Lib\site-packages\asgiref\sync.py first seen with mtime 1715703431.092172
File D:\Hari\EEE\Django_Files\DjangoPost\DjangoPost\blog\posts\views.py first seen with mtime 1707633050.5505464
File C:\Users\admin\AppData\Local\Programs\Python\Python312\DLLs\_ssl.pyd first seen with mtime 1707237652.0
File C:\Users\admin\AppData\Local\Programs\Python\Python312\Lib\site-packages\django\core\files\storage\filesystem.py first seen with mtime 1715703436.450044
File C:\Users\admin\AppData\Local\Programs\Python\Python312\Lib\wsgiref\handlers.py first seen with mtime 1707237618.0
File C:\Users\admin\AppData\Local\Programs\Python\Python312\Lib\site-packages\django\db\models\signals.py first seen with mtime 1715703436.638026
File C:\Users\admin\AppData\Local\Programs\Python\Python312\Lib\string.py first seen with mtime 1707237618.0
File C:\Users\admin\AppData\Local\Programs\Python\Python312\Lib\locale.py first seen with mtime 1707237618.0
File C:\Users\admin\AppData\Local\Programs\Python\Python312\Lib\site-packages\sqlparse\cli.py first seen with mtime 1715703430.5943313
File C:\Users\admin\AppData\Local\Programs\Python\Python312\Lib\gzip.py first seen with mtime 1707237618.0
File C:\Users\admin\AppData\Local\Programs\Python\Python312\Lib\site-packages\django\contrib\sessions\base_session.py first seen with mtime 1715703435.7627378
File C:\Users\admin\AppData\Local\Programs\Python\Python312\Lib\email\policy.py first seen with mtime 1707237618.0
File C:\Users\admin\AppData\Local\Programs\Python\Python312\Lib\email\mime\multipart.py first seen with mtime 1707237618.0
File C:\Users\admin\AppData\Local\Programs\Python\Python312\Lib\site-packages\django\db\backends\signals.py first seen with mtime 1715703436.5286198
File C:\Users\admin\AppData\Local\Programs\Python\Python312\Lib\site-packages\django\contrib\messages\apps.py first seen with mtime 1715703435.107294
File C:\Users\admin\AppData\Local\Programs\Python\Python312\Lib\site-packages\sqlparse\filters\aligned_indent.py first seen with mtime 1715703430.6113868
File C:\Users\admin\AppData\Local\Programs\Python\Python312\Lib\site-packages\django\views\defaults.py first seen with mtime 1715703436.9400132
File C:\Users\admin\AppData\Local\Programs\Python\Python312\Lib\site-packages\django\urls\converters.py first seen with mtime 1715703436.8763456
File C:\Users\admin\AppData\Local\Programs\Python\Python312\Lib\site-packages\django\db\models\utils.py first seen with mtime 1715703436.6390705
File C:\Users\admin\AppData\Local\Programs\Python\Python312\Lib\email\mime\text.py first seen with mtime 1707237618.0
File C:\Users\admin\AppData\Local\Programs\Python\Python312\Lib\asyncio\log.py first seen with mtime 1707237618.0
File C:\Users\admin\AppData\Local\Programs\Python\Python312\Lib\ast.py first seen with mtime 1707237618.0
File C:\Users\admin\AppData\Local\Programs\Python\Python312\Lib\site-packages\django\core\paginator.py first seen with mtime 1715703436.3980122
File C:\Users\admin\AppData\Local\Programs\Python\Python312\Lib\site-packages\django\urls\utils.py first seen with mtime 1715703436.8805473
File C:\Users\admin\AppData\Local\Programs\Python\Python312\Lib\site-packages\django\utils\deconstruct.py first seen with mtime 1715703436.8965316
File C:\Users\admin\AppData\Local\Programs\Python\Python312\Lib\urllib\error.py first seen with mtime 1707237618.0
File C:\Users\admin\AppData\Local\Programs\Python\Python312\Lib\site-packages\django\db\migrations\executor.py first seen with mtime 1715703436.599995
File C:\Users\admin\AppData\Local\Programs\Python\Python312\Lib\_weakrefset.py first seen with mtime 1707237618.0
File C:\Users\admin\AppData\Local\Programs\Python\Python312\Lib\email\encoders.py first seen with mtime 1707237618.0
File C:\Users\admin\AppData\Local\Programs\Python\Python312\Lib\asyncio\base_events.py first seen with mtime 1707237618.0
File C:\Users\admin\AppData\Local\Programs\Python\Python312\Lib\asyncio\proactor_events.py first seen with mtime 1707237618.0
File C:\Users\admin\AppData\Local\Programs\Python\Python312\Lib\site-packages\django\core\files\__init__.py first seen with mtime 1715703436.4362295
File C:\Users\admin\AppData\Local\Programs\Python\Python312\Lib\keyword.py first seen with mtime 1707237618.0
File C:\Users\admin\AppData\Local\Programs\Python\Python312\Lib\site-packages\django\views\decorators\csrf.py first seen with mtime 1715703436.9484906
File C:\Users\admin\AppData\Local\Programs\Python\Python312\Lib\site-packages\django\db\models\constraints.py first seen with mtime 1715703436.6253784
File C:\Users\admin\AppData\Local\Programs\Python\Python312\Lib\site-packages\django\views\decorators\cache.py first seen with mtime 1715703436.9442663
File C:\Users\admin\AppData\Local\Programs\Python\Python312\Lib\site-packages\django\core\checks\compatibility\__init__.py first seen with mtime 1715703436.427723
File C:\Users\admin\AppData\Local\Programs\Python\Python312\Lib\mimetypes.py first seen with mtime 1707237618.0
File C:\Users\admin\AppData\Local\Programs\Python\Python312\Lib\site-packages\django\contrib\contenttypes\models.py first seen with mtime 1715703433.6441467
File C:\Users\admin\AppData\Local\Programs\Python\Python312\Lib\site-packages\django\http\multipartparser.py first seen with mtime 1715703436.7967632
File C:\Users\admin\AppData\Local\Programs\Python\Python312\Lib\site-packages\django\db\models\fields\json.py first seen with mtime 1715703436.6453693
File C:\Users\admin\AppData\Local\Programs\Python\Python312\Lib\site-packages\django\contrib\staticfiles\apps.py first seen with mtime 1715703436.3756478
File C:\Users\admin\AppData\Local\Programs\Python\Python312\Lib\email\iterators.py first seen with mtime 1707237618.0
File C:\Users\admin\AppData\Local\Programs\Python\Python312\Lib\site-packages\_distutils_hack\__init__.py first seen with mtime 1714668594.1055937
File C:\Users\admin\AppData\Local\Programs\Python\Python312\Lib\site-packages\django\utils\dateparse.py first seen with mtime 1715703436.8944278
File C:\Users\admin\AppData\Local\Programs\Python\Python312\Lib\site-packages\django\core\files\uploadhandler.py first seen with mtime 1715703436.4458342
File C:\Users\admin\AppData\Local\Programs\Python\Python312\Lib\encodings\cp1252.py first seen with mtime 1707237618.0
File C:\Users\admin\AppData\Local\Programs\Python\Python312\Lib\contextvars.py first seen with mtime 1707237618.0
File C:\Users\admin\AppData\Local\Programs\Python\Python312\Lib\dis.py first seen with mtime 1707237618.0
File C:\Users\admin\AppData\Local\Programs\Python\Python312\Lib\textwrap.py first seen with mtime 1707237618.0
File C:\Users\admin\AppData\Local\Programs\Python\Python312\DLLs\_decimal.pyd first seen with mtime 1707237652.0
File C:\Users\admin\AppData\Local\Programs\Python\Python312\Lib\site-packages\django\core\handlers\asgi.py first seen with mtime 1715703436.456436
File C:\Users\admin\AppData\Local\Programs\Python\Python312\Lib\site-packages\django\forms\formsets.py first seen with mtime 1715703436.6870596
File C:\Users\admin\AppData\Local\Programs\Python\Python312\Lib\site-packages\django\middleware\cache.py first seen with mtime 1715703436.8009982
File C:\Users\admin\AppData\Local\Programs\Python\Python312\Lib\asyncio\threads.py first seen with mtime 1707237618.0
File C:\Users\admin\AppData\Local\Programs\Python\Python312\Lib\asyncio\subprocess.py first seen with mtime 1707237618.0
File D:\Hari\EEE\Django_Files\DjangoPost\DjangoPost\blog\posts\__init__.py first seen with mtime 1684508793.959074
File C:\Users\admin\AppData\Local\Programs\Python\Python312\Lib\site-packages\django\urls\exceptions.py first seen with mtime 1715703436.8773434
File C:\Users\admin\AppData\Local\Programs\Python\Python312\Lib\statistics.py first seen with mtime 1707237618.0
File C:\Users\admin\AppData\Local\Programs\Python\Python312\Lib\site-packages\django\contrib\staticfiles\handlers.py first seen with mtime 1715703436.3788614
File C:\Users\admin\AppData\Local\Programs\Python\Python312\Lib\site-packages\django\db\models\functions\__init__.py first seen with mtime 1715703436.655997
File C:\Users\admin\AppData\Local\Programs\Python\Python312\Lib\site-packages\django\db\migrations\__init__.py first seen with mtime 1715703436.5957594
File C:\Users\admin\AppData\Local\Programs\Python\Python312\Lib\site-packages\asgiref\__init__.py first seen with mtime 1715703431.0836549
File C:\Users\admin\AppData\Local\Programs\Python\Python312\Lib\site-packages\asgiref\current_thread_executor.py first seen with mtime 1715703431.0868344
File C:\Users\admin\AppData\Local\Programs\Python\Python312\Lib\site-packages\django\db\utils.py first seen with mtime 1715703436.524402
File C:\Users\admin\AppData\Local\Programs\Python\Python312\Lib\asyncio\protocols.py first seen with mtime 1707237618.0
File C:\Users\admin\AppData\Local\Programs\Python\Python312\DLLs\_lzma.pyd first seen with mtime 1707237652.0
File C:\Users\admin\AppData\Local\Programs\Python\Python312\Lib\asyncio\streams.py first seen with mtime 1707237618.0
File C:\Users\admin\AppData\Local\Programs\Python\Python312\Lib\site-packages\sqlparse\exceptions.py first seen with mtime 1715703430.595394
File C:\Users\admin\AppData\Local\Programs\Python\Python312\Lib\site-packages\django\contrib\contenttypes\__init__.py first seen with mtime 1715703433.6367216
File C:\Users\admin\AppData\Local\Programs\Python\Python312\Lib\site-packages\django\contrib\admin\templatetags\base.py first seen with mtime 1715703432.9592197
File C:\Users\admin\AppData\Local\Programs\Python\Python312\Lib\asyncio\locks.py first seen with mtime 1707237618.0
File C:\Users\admin\AppData\Local\Programs\Python\Python312\Lib\site-packages\django\core\cache\backends\__init__.py first seen with mtime 1715703436.406514
File C:\Users\admin\AppData\Local\Programs\Python\Python312\Lib\re\_constants.py first seen with mtime 1707237618.0
File C:\Users\admin\AppData\Local\Programs\Python\Python312\Lib\site-packages\django\contrib\admin\__init__.py first seen with mtime 1715703431.9212868
File C:\Users\admin\AppData\Local\Programs\Python\Python312\Lib\email\charset.py first seen with mtime 1707237618.0
File C:\Users\admin\AppData\Local\Programs\Python\Python312\Lib\concurrent\futures\__init__.py first seen with mtime 1707237618.0
File C:\Users\admin\AppData\Local\Programs\Python\Python312\Lib\struct.py first seen with mtime 1707237618.0
File C:\Users\admin\AppData\Local\Programs\Python\Python312\Lib\email\base64mime.py first seen with mtime 1707237618.0
File C:\Users\admin\AppData\Local\Programs\Python\Python312\Lib\site-packages\django\utils\text.py first seen with mtime 1715703436.9219773
File C:\Users\admin\AppData\Local\Programs\Python\Python312\Lib\site-packages\django\core\checks\registry.py first seen with mtime 1715703436.4234602
File C:\Users\admin\AppData\Local\Programs\Python\Python312\Lib\site-packages\django\core\handlers\__init__.py first seen with mtime 1715703436.4553752
File C:\Users\admin\AppData\Local\Programs\Python\Python312\Lib\site-packages\django\contrib\auth\backends.py first seen with mtime 1715703433.2888346
File C:\Users\admin\AppData\Local\Programs\Python\Python312\Lib\numbers.py first seen with mtime 1707237618.0
File C:\Users\admin\AppData\Local\Programs\Python\Python312\Lib\zoneinfo\__init__.py first seen with mtime 1707237618.0
File C:\Users\admin\AppData\Local\Programs\Python\Python312\Lib\site-packages\django\core\mail\message.py first seen with mtime 1715703436.4628806
File C:\Users\admin\AppData\Local\Programs\Python\Python312\Lib\collections\abc.py first seen with mtime 1707237618.0
File C:\Users\admin\AppData\Local\Programs\Python\Python312\Lib\site-packages\django\db\models\manager.py first seen with mtime 1715703436.6327417
File C:\Users\admin\AppData\Local\Programs\Python\Python312\Lib\site-packages\django\core\handlers\wsgi.py first seen with mtime 1715703436.4596817
File C:\Users\admin\AppData\Local\Programs\Python\Python312\Lib\site-packages\django\core\serializers\python.py first seen with mtime 1715703436.5169303
File C:\Users\admin\AppData\Local\Programs\Python\Python312\Lib\asyncio\exceptions.py first seen with mtime 1707237618.0
File C:\Users\admin\AppData\Local\Programs\Python\Python312\Lib\site-packages\django\contrib\auth\hashers.py first seen with mtime 1715703433.2962797
File C:\Users\admin\AppData\Local\Programs\Python\Python312\Lib\site-packages\django\db\backends\sqlite3\operations.py first seen with mtime 1715703436.5936105
File C:\Users\admin\AppData\Local\Programs\Python\Python312\Lib\pkgutil.py first seen with mtime 1707237618.0
File C:\Users\admin\AppData\Local\Programs\Python\Python312\Lib\ssl.py first seen with mtime 1707237618.0
File C:\Users\admin\AppData\Local\Programs\Python\Python312\Lib\site-packages\django\db\models\fields\files.py first seen with mtime 1715703436.6422062
File C:\Users\admin\AppData\Local\Programs\Python\Python312\Lib\site-packages\django\contrib\messages\storage\base.py first seen with mtime 1715703435.1158557
File C:\Users\admin\AppData\Local\Programs\Python\Python312\Lib\site-packages\django\db\models\functions\datetime.py first seen with mtime 1715703436.6581922
File C:\Users\admin\AppData\Local\Programs\Python\Python312\Lib\site-packages\django\utils\timezone.py first seen with mtime 1715703436.9251573
File D:\Hari\EEE\Django_Files\DjangoPost\DjangoPost\blog\blog\urls.py first seen with mtime 1684508793.9533932
File C:\Users\admin\AppData\Local\Programs\Python\Python312\Lib\collections\__init__.py first seen with mtime 1707237618.0
File C:\Users\admin\AppData\Local\Programs\Python\Python312\Lib\site-packages\django\core\validators.py first seen with mtime 1715703436.4022696
File C:\Users\admin\AppData\Local\Programs\Python\Python312\Lib\site-packages\sqlparse\formatter.py first seen with mtime 1715703430.5964782
File C:\Users\admin\AppData\Local\Programs\Python\Python312\Lib\hmac.py first seen with mtime 1707237618.0
File C:\Users\admin\AppData\Local\Programs\Python\Python312\Lib\site-packages\django\db\migrations\exceptions.py first seen with mtime 1715703436.597873
File C:\Users\admin\AppData\Local\Programs\Python\Python312\Lib\site-packages\django\core\handlers\exception.py first seen with mtime 1715703436.4585795
File C:\Users\admin\AppData\Local\Programs\Python\Python312\Lib\site-packages\django\contrib\admin\templatetags\__init__.py first seen with mtime 1715703432.9539492
File C:\Users\admin\AppData\Local\Programs\Python\Python312\Lib\site-packages\django\db\models\sql\datastructures.py first seen with mtime 1715703436.669968
File C:\Users\admin\AppData\Local\Programs\Python\Python312\Lib\site-packages\django\db\backends\__init__.py first seen with mtime 1715703436.525448
File C:\Users\admin\AppData\Local\Programs\Python\Python312\Lib\site-packages\django\core\mail\__init__.py first seen with mtime 1715703436.461834
File C:\Users\admin\AppData\Local\Programs\Python\Python312\Lib\site-packages\django\middleware\security.py first seen with mtime 1715703436.8094783
File C:\Users\admin\AppData\Local\Programs\Python\Python312\Lib\site-packages\django\utils\timesince.py first seen with mtime 1715703436.9241035
File C:\Users\admin\AppData\Local\Programs\Python\Python312\DLLs\_bz2.pyd first seen with mtime 1707237652.0
File C:\Users\admin\AppData\Local\Programs\Python\Python312\Lib\bz2.py first seen with mtime 1707237618.0
File C:\Users\admin\AppData\Local\Programs\Python\Python312\Lib\site-packages\django\db\models\functions\mixins.py first seen with mtime 1715703436.6613774
File C:\Users\admin\AppData\Local\Programs\Python\Python312\Lib\site-packages\sqlparse\filters\tokens.py first seen with mtime 1715703430.6167617
File C:\Users\admin\AppData\Local\Programs\Python\Python312\Lib\site-packages\django\contrib\contenttypes\management\__init__.py first seen with mtime 1715703433.9637144
File C:\Users\admin\AppData\Local\Programs\Python\Python312\Lib\site-packages\django\template\response.py first seen with mtime 1715703436.8264241
File C:\Users\admin\AppData\Local\Programs\Python\Python312\Lib\site-packages\django\contrib\contenttypes\views.py first seen with mtime 1715703433.6462545
File C:\Users\admin\AppData\Local\Programs\Python\Python312\Lib\argparse.py first seen with mtime 1707237618.0
File C:\Users\admin\AppData\Local\Programs\Python\Python312\Lib\enum.py first seen with mtime 1707237618.0
File C:\Users\admin\AppData\Local\Programs\Python\Python312\Lib\site-packages\django\utils\safestring.py first seen with mtime 1715703436.9198434
File C:\Users\admin\AppData\Local\Programs\Python\Python312\Lib\random.py first seen with mtime 1707237618.0
File C:\Users\admin\AppData\Local\Programs\Python\Python312\Lib\getpass.py first seen with mtime 1707237618.0
File C:\Users\admin\AppData\Local\Programs\Python\Python312\Lib\email\_encoded_words.py first seen with mtime 1707237618.0
File C:\Users\admin\AppData\Local\Programs\Python\Python312\Lib\site-packages\django\contrib\contenttypes\checks.py first seen with mtime 1715703433.6398952
File C:\Users\admin\AppData\Local\Programs\Python\Python312\Lib\site-packages\django\templatetags\l10n.py first seen with mtime 1715703436.8486664
File C:\Users\admin\AppData\Local\Programs\Python\Python312\Lib\site-packages\django\middleware\csrf.py first seen with mtime 1715703436.8052397
File C:\Users\admin\AppData\Local\Programs\Python\Python312\Lib\fractions.py first seen with mtime 1707237618.0
File C:\Users\admin\AppData\Local\Programs\Python\Python312\Lib\site-packages\django\contrib\sessions\backends\base.py first seen with mtime 1715703435.7712052
File C:\Users\admin\AppData\Local\Programs\Python\Python312\Lib\site-packages\django\db\backends\base\operations.py first seen with mtime 1715703436.5381541
File C:\Users\admin\AppData\Local\Programs\Python\Python312\Lib\site-packages\sqlparse\tokens.py first seen with mtime 1715703430.6007392
File C:\Users\admin\AppData\Local\Programs\Python\Python312\Lib\_markupbase.py first seen with mtime 1707237618.0
File C:\Users\admin\AppData\Local\Programs\Python\Python312\Lib\site-packages\django\contrib\sessions\middleware.py first seen with mtime 1715703435.7659464
File C:\Users\admin\AppData\Local\Programs\Python\Python312\Lib\site-packages\django\urls\conf.py first seen with mtime 1715703436.875276
File C:\Users\admin\AppData\Local\Programs\Python\Python312\Lib\multiprocessing\process.py first seen with mtime 1707237618.0
File C:\Users\admin\AppData\Local\Programs\Python\Python312\Lib\warnings.py first seen with mtime 1707237618.0
File C:\Users\admin\AppData\Local\Programs\Python\Python312\Lib\site-packages\django\contrib\admin\widgets.py first seen with mtime 1715703431.9463804
File C:\Users\admin\AppData\Local\Programs\Python\Python312\Lib\re\_compiler.py first seen with mtime 1707237618.0
File C:\Users\admin\AppData\Local\Programs\Python\Python312\Lib\http\server.py first seen with mtime 1707237618.0
File D:\Hari\EEE\Django_Files\DjangoPost\DjangoPost\blog\posts\urls.py first seen with mtime 1696674341.8047585
File C:\Users\admin\AppData\Local\Programs\Python\Python312\Lib\site-packages\django\db\models\sql\__init__.py first seen with mtime 1715703436.6645832
File C:\Users\admin\AppData\Local\Programs\Python\Python312\Lib\email\mime\nonmultipart.py first seen with mtime 1707237618.0
File C:\Users\admin\AppData\Local\Programs\Python\Python312\Lib\site-packages\django\contrib\messages\api.py first seen with mtime 1715703435.1062005
File C:\Users\admin\AppData\Local\Programs\Python\Python312\Lib\site-packages\django\core\checks\security\sessions.py first seen with mtime 1715703436.4351695
File C:\Users\admin\AppData\Local\Programs\Python\Python312\Lib\site-packages\django\utils\translation\reloader.py first seen with mtime 1715703436.931515
File C:\Users\admin\AppData\Local\Programs\Python\Python312\Lib\asyncio\windows_utils.py first seen with mtime 1707237618.0
File C:\Users\admin\AppData\Local\Programs\Python\Python312\Lib\site-packages\django\db\models\fields\__init__.py first seen with mtime 1715703436.6411624
File C:\Users\admin\AppData\Local\Programs\Python\Python312\Lib\site-packages\django\utils\functional.py first seen with mtime 1715703436.9050162
File C:\Users\admin\AppData\Local\Programs\Python\Python312\Lib\site-packages\django\contrib\admin\templatetags\admin_urls.py first seen with mtime 1715703432.9581654
File C:\Users\admin\AppData\Local\Programs\Python\Python312\Lib\quopri.py first seen with mtime 1707237618.0
File C:\Users\admin\AppData\Local\Programs\Python\Python312\Lib\site-packages\sqlparse\sql.py first seen with mtime 1715703430.5996838
File C:\Users\admin\AppData\Local\Programs\Python\Python312\Lib\asyncio\timeouts.py first seen with mtime 1707237618.0
File C:\Users\admin\AppData\Local\Programs\Python\Python312\Lib\importlib\__init__.py first seen with mtime 1707237618.0
File C:\Users\admin\AppData\Local\Programs\Python\Python312\Lib\email\_header_value_parser.py first seen with mtime 1707237618.0
File C:\Users\admin\AppData\Local\Programs\Python\Python312\Lib\site-packages\django\utils\html.py first seen with mtime 1715703436.9081166
File D:\Hari\EEE\Django_Files\DjangoPost\DjangoPost\blog\templates\createPost.html first seen with mtime 1698172197.5250819
File D:\Hari\EEE\Django_Files\DjangoPost\DjangoPost\blog\templates\home.html first seen with mtime 1707632617.697999
File D:\Hari\EEE\Django_Files\DjangoPost\DjangoPost\blog\templates\index.html first seen with mtime 1684508793.9896889
File D:\Hari\EEE\Django_Files\DjangoPost\DjangoPost\blog\templates\post.html first seen with mtime 1707504338.2408743
File D:\Hari\EEE\Django_Files\DjangoPost\DjangoPost\blog\templates\signuppage.html first seen with mtime 1707502045.5746503
(0.000) 
            SELECT name, type FROM sqlite_master
            WHERE type in ('table', 'view') AND NOT name='sqlite_sequence'
            ORDER BY name; args=None; alias=default
(0.000) SELECT "django_migrations"."id", "django_migrations"."app", "django_migrations"."name", "django_migrations"."applied" FROM "django_migrations"; args=(); alias=default
File C:\Users\admin\AppData\Local\Programs\Python\Python312\Lib\site-packages\django\contrib\admin\migrations\0002_logentry_remove_auto_add.py first seen with mtime 1715703432.717624
File C:\Users\admin\AppData\Local\Programs\Python\Python312\Lib\site-packages\django\contrib\auth\migrations\0008_alter_user_username_max_length.py first seen with mtime 1715703433.6271963
File C:\Users\admin\AppData\Local\Programs\Python\Python312\Lib\site-packages\django\contrib\admin\migrations\0003_logentry_add_action_flag_choices.py first seen with mtime 1715703432.7196732
File C:\Users\admin\AppData\Local\Programs\Python\Python312\Lib\site-packages\django\contrib\sessions\migrations\__init__.py first seen with mtime 1715703436.069139
File D:\Hari\EEE\Django_Files\DjangoPost\DjangoPost\blog\posts\migrations\__init__.py first seen with mtime 1684508793.974034
File C:\Users\admin\AppData\Local\Programs\Python\Python312\Lib\site-packages\django\db\models\sql\compiler.py first seen with mtime 1715703436.6667693
File C:\Users\admin\AppData\Local\Programs\Python\Python312\Lib\site-packages\django\db\migrations\recorder.py first seen with mtime 1715703436.6074338
File C:\Users\admin\AppData\Local\Programs\Python\Python312\Lib\site-packages\django\contrib\auth\migrations\__init__.py first seen with mtime 1715703433.6325011
File D:\Hari\EEE\Django_Files\DjangoPost\DjangoPost\blog\posts\migrations\0007_customuser.py first seen with mtime 1696441683.5560272
File C:\Users\admin\AppData\Local\Programs\Python\Python312\Lib\site-packages\django\contrib\contenttypes\migrations\0002_remove_content_type_name.py first seen with mtime 1715703433.9690173
File D:\Hari\EEE\Django_Files\DjangoPost\DjangoPost\blog\posts\migrations\0004_post_likes.py first seen with mtime 1686992016.0082147
File D:\Hari\EEE\Django_Files\DjangoPost\DjangoPost\blog\posts\migrations\0010_alter_customusers_password.py first seen with mtime 1696962671.6692894
File D:\Hari\EEE\Django_Files\DjangoPost\DjangoPost\blog\posts\migrations\0009_customusers.py first seen with mtime 1696784610.5189307
File D:\Hari\EEE\Django_Files\DjangoPost\DjangoPost\blog\posts\migrations\0011_post_customuser.py first seen with mtime 1698257277.9027793
File C:\Users\admin\AppData\Local\Programs\Python\Python312\Lib\site-packages\django\contrib\admin\migrations\0001_initial.py first seen with mtime 1715703432.7165797
File C:\Users\admin\AppData\Local\Programs\Python\Python312\Lib\site-packages\django\contrib\contenttypes\migrations\__init__.py first seen with mtime 1715703433.9700878
File C:\Users\admin\AppData\Local\Programs\Python\Python312\Lib\site-packages\django\contrib\auth\migrations\0006_require_contenttypes_0002.py first seen with mtime 1715703433.6261199
File C:\Users\admin\AppData\Local\Programs\Python\Python312\Lib\site-packages\django\contrib\admin\migrations\__init__.py first seen with mtime 1715703432.719739
File D:\Hari\EEE\Django_Files\DjangoPost\DjangoPost\blog\posts\migrations\0015_remove_customusers_posted_post_userposted.py first seen with mtime 1707630000.0376182
File D:\Hari\EEE\Django_Files\DjangoPost\DjangoPost\blog\posts\migrations\0002_users.py first seen with mtime 1686071593.476662
File C:\Users\admin\AppData\Local\Programs\Python\Python312\Lib\site-packages\django\contrib\auth\migrations\0005_alter_user_last_login_null.py first seen with mtime 1715703433.6250634
File C:\Users\admin\AppData\Local\Programs\Python\Python312\Lib\encodings\idna.py first seen with mtime 1707237618.0
File D:\Hari\EEE\Django_Files\DjangoPost\DjangoPost\blog\posts\migrations\0008_delete_customuser.py first seen with mtime 1696609464.364236
File D:\Hari\EEE\Django_Files\DjangoPost\DjangoPost\blog\posts\migrations\0014_remove_customusers_password.py first seen with mtime 1707590410.7438273
File C:\Users\admin\AppData\Local\Programs\Python\Python312\Lib\stringprep.py first seen with mtime 1707237618.0
File C:\Users\admin\AppData\Local\Programs\Python\Python312\Lib\site-packages\django\contrib\auth\migrations\0002_alter_permission_name_max_length.py first seen with mtime 1715703433.620825
File C:\Users\admin\AppData\Local\Programs\Python\Python312\Lib\site-packages\django\contrib\auth\migrations\0007_alter_validators_add_error_messages.py first seen with mtime 1715703433.6261199
File D:\Hari\EEE\Django_Files\DjangoPost\DjangoPost\blog\posts\migrations\0003_delete_users.py first seen with mtime 1686759322.3043587
File C:\Users\admin\AppData\Local\Programs\Python\Python312\Lib\site-packages\django\contrib\sessions\migrations\0001_initial.py first seen with mtime 1715703436.0680945
File C:\Users\admin\AppData\Local\Programs\Python\Python312\Lib\site-packages\django\contrib\contenttypes\migrations\0001_initial.py first seen with mtime 1715703433.9679658
File C:\Users\admin\AppData\Local\Programs\Python\Python312\Lib\site-packages\django\contrib\auth\migrations\0001_initial.py first seen with mtime 1715703433.6197631
File C:\Users\admin\AppData\Local\Programs\Python\Python312\Lib\site-packages\django\db\migrations\graph.py first seen with mtime 1715703436.6010725
File C:\Users\admin\AppData\Local\Programs\Python\Python312\Lib\site-packages\django\middleware\clickjacking.py first seen with mtime 1715703436.8020532
File C:\Users\admin\AppData\Local\Programs\Python\Python312\Lib\site-packages\django\contrib\auth\migrations\0009_alter_user_last_name_max_length.py first seen with mtime 1715703433.6282513
File D:\Hari\EEE\Django_Files\DjangoPost\DjangoPost\blog\posts\migrations\0013_alter_customusers_password_remove_customusers_posted_and_more.py first seen with mtime 1707589858.9843595
File D:\Hari\EEE\Django_Files\DjangoPost\DjangoPost\blog\posts\migrations\0001_initial.py first seen with mtime 1684508793.9731126
File C:\Users\admin\AppData\Local\Programs\Python\Python312\Lib\site-packages\django\contrib\auth\migrations\0003_alter_user_email_max_length.py first seen with mtime 1715703433.6229348
File C:\Users\admin\AppData\Local\Programs\Python\Python312\Lib\site-packages\django\contrib\sessions\backends\db.py first seen with mtime 1715703435.774471
File D:\Hari\EEE\Django_Files\DjangoPost\DjangoPost\blog\posts\migrations\0005_alter_post_likes.py first seen with mtime 1687194571.7915683
File C:\Users\admin\AppData\Local\Programs\Python\Python312\Lib\site-packages\django\contrib\auth\migrations\0010_alter_group_name_max_length.py first seen with mtime 1715703433.6293256
File D:\Hari\EEE\Django_Files\DjangoPost\DjangoPost\blog\posts\migrations\0012_remove_post_customuser_customusers_posted.py first seen with mtime 1698339508.3342993
File D:\Hari\EEE\Django_Files\DjangoPost\DjangoPost\blog\posts\migrations\0006_alter_post_likes.py first seen with mtime 1687195209.6335604
File C:\Users\admin\AppData\Local\Programs\Python\Python312\Lib\site-packages\django\contrib\auth\migrations\0012_alter_user_first_name_max_length.py first seen with mtime 1715703433.631437
File C:\Users\admin\AppData\Local\Programs\Python\Python312\Lib\site-packages\django\contrib\auth\migrations\0004_alter_user_username_opts.py first seen with mtime 1715703433.6240082
File D:\Hari\EEE\Django_Files\DjangoPost\DjangoPost\blog\blog\wsgi.py first seen with mtime 1684508793.955248
File C:\Users\admin\AppData\Local\Programs\Python\Python312\Lib\site-packages\django\contrib\auth\migrations\0011_update_proxy_permissions.py first seen with mtime 1715703433.6303816
File D:\Hari\EEE\Django_Files\DjangoPost\DjangoPost\blog\blog\settings.py previous mtime: 1724499144.6451201, current mtime: 1724499152.666911
D:\Hari\EEE\Django_Files\DjangoPost\DjangoPost\blog\blog\settings.py notified as changed. Signal results: [(<function template_changed at 0x00000233E6B83EC0>, None), (<function translation_file_changed at 0x00000233E7C80CC0>, None)].
D:\Hari\EEE\Django_Files\DjangoPost\DjangoPost\blog\blog\settings.py changed, reloading.
